2024-11-18 15:29:00,464 - INFO - Node 14 received topology. Neighbors: {'north': 2, 'south': 8, 'west': 13, 'east': 12}
2024-11-18 15:29:00,465 - INFO - Node received message: topology
2024-11-18 15:29:00,465 - INFO - Node 14 received topology. Neighbors: {'north': 10, 'south': 2, 'west': 13, 'east': 15}
2024-11-18 15:29:00,465 - INFO - Cleaned up connection to peer 8
2024-11-18 15:29:00,465 - INFO - Cleaned up connection to peer 12
2024-11-18 15:29:00,465 - INFO - Node 14 queueing connection to 15
2024-11-18 15:29:00,465 - INFO - Node received message: topology
2024-11-18 15:29:00,465 - INFO - Node 14 received topology. Neighbors: {'north': 10, 'south': 2, 'west': 13, 'east': 15}
2024-11-18 15:29:00,466 - INFO - Node 14 worker processing connection to 15
2024-11-18 15:29:00,479 - INFO - ICE gathering state for 15: gathering
2024-11-18 15:29:00,500 - INFO - Node received message: topology
2024-11-18 15:29:00,500 - INFO - Node 14 received topology. Neighbors: {'north': 10, 'south': 2, 'west': 13, 'east': 15}
2024-11-18 15:29:00,504 - INFO - Node received message: topology
2024-11-18 15:29:00,504 - INFO - Node 14 received topology. Neighbors: {'north': 10, 'south': 2, 'west': 13, 'east': 15}
2024-11-18 15:29:00,526 - INFO - Node received message: topology
2024-11-18 15:29:00,526 - INFO - Node 14 received topology. Neighbors: {'north': 10, 'south': 2, 'west': 13, 'east': 15}
2024-11-18 15:29:00,547 - INFO - ICE gathering state for 15: complete
2024-11-18 15:29:10,583 - INFO - Node 14 successfully initiated connection to 15
2024-11-18 15:29:10,584 - INFO - Node received message: signal
2024-11-18 15:29:10,638 - INFO - Node received message: signal
2024-11-18 15:29:10,664 - INFO - Node received message: signal
2024-11-18 15:29:10,703 - INFO - 14 Received ping from 13
2024-11-18 15:29:10,724 - INFO - 14 Received ping from 10
2024-11-18 15:29:10,738 - INFO - Node received message: signal
2024-11-18 15:29:10,739 - INFO - ICE connection state to 15: checking
2024-11-18 15:29:10,759 - INFO - ICE connection state to 15: completed
2024-11-18 15:29:10,762 - INFO - Data channel opened with peer 15
2024-11-18 15:29:10,763 - INFO - Node 14 connected to peer 15. Connected: 1/4
2024-11-18 15:29:10,763 - INFO - 14 Received pong from 15, RTT: 0.38ms
2024-11-18 15:29:15,705 - INFO - 14 Received ping from 13
2024-11-18 15:29:15,725 - INFO - 14 Received ping from 10
2024-11-18 15:29:15,764 - INFO - 14 Received pong from 15, RTT: 1.31ms
2024-11-18 15:29:20,646 - INFO - Node received message: signal
2024-11-18 15:29:20,698 - INFO - 14 Received ping from 2
2024-11-18 15:29:20,705 - INFO - 14 Received ping from 13
2024-11-18 15:29:20,725 - INFO - 14 Received ping from 10
2024-11-18 15:29:20,765 - INFO - 14 Received pong from 15, RTT: 0.87ms
2024-11-18 15:29:25,704 - INFO - 14 Received ping from 2
2024-11-18 15:29:25,708 - INFO - 14 Received ping from 13
2024-11-18 15:29:25,727 - INFO - 14 Received ping from 10
2024-11-18 15:29:25,766 - INFO - 14 Received pong from 15, RTT: 1.16ms
2024-11-18 15:29:30,707 - INFO - 14 Received ping from 2
2024-11-18 15:29:30,712 - INFO - 14 Received ping from 13
2024-11-18 15:29:30,727 - INFO - 14 Received ping from 10
2024-11-18 15:29:30,768 - INFO - 14 Received pong from 15, RTT: 1.28ms
2024-11-18 15:29:35,702 - INFO - 14 Received ping from 2
2024-11-18 15:29:35,712 - INFO - 14 Received ping from 13
2024-11-18 15:29:35,732 - INFO - 14 Received ping from 10
2024-11-18 15:29:35,770 - INFO - 14 Received pong from 15, RTT: 2.59ms
2024-11-18 15:29:40,707 - INFO - 14 Received ping from 2
2024-11-18 15:29:40,712 - INFO - 14 Received ping from 13
2024-11-18 15:29:40,732 - INFO - 14 Received ping from 10
2024-11-18 15:29:40,770 - INFO - 14 Received pong from 15, RTT: 0.95ms
2024-11-18 15:29:45,708 - INFO - 14 Received ping from 2
2024-11-18 15:29:45,713 - INFO - 14 Received ping from 13
2024-11-18 15:29:45,733 - INFO - 14 Received ping from 10
2024-11-18 15:29:45,773 - INFO - 14 Received pong from 15, RTT: 2.65ms
2024-11-18 15:29:50,706 - INFO - 14 Received ping from 2
2024-11-18 15:29:50,712 - INFO - 14 Received ping from 13
2024-11-18 15:29:50,734 - INFO - 14 Received ping from 10
2024-11-18 15:29:50,775 - INFO - 14 Received pong from 15, RTT: 2.73ms
2024-11-18 15:29:55,709 - INFO - 14 Received ping from 2
2024-11-18 15:29:55,731 - INFO - 14 Received ping from 13
2024-11-18 15:29:55,742 - INFO - 14 Received ping from 10
2024-11-18 15:29:55,774 - INFO - 14 Received pong from 15, RTT: 0.62ms
2024-11-18 15:30:00,709 - INFO - 14 Received ping from 2
2024-11-18 15:30:00,718 - INFO - 14 Received ping from 13
2024-11-18 15:30:00,742 - INFO - 14 Received ping from 10
2024-11-18 15:30:00,778 - INFO - 14 Received pong from 15, RTT: 3.57ms
2024-11-18 15:30:05,711 - INFO - 14 Received ping from 2
2024-11-18 15:30:05,719 - INFO - 14 Received ping from 13
2024-11-18 15:30:05,742 - INFO - 14 Received ping from 10
2024-11-18 15:30:05,775 - INFO - 14 Received pong from 15, RTT: 0.45ms
2024-11-18 15:30:10,715 - INFO - 14 Received ping from 2
2024-11-18 15:30:10,724 - INFO - 14 Received ping from 13
2024-11-18 15:30:10,743 - INFO - 14 Received ping from 10
2024-11-18 15:30:10,777 - INFO - 14 Received pong from 15, RTT: 0.67ms
